<?xml version="1.0" encoding="UTF-8"?>
<!-- Generated by org.testng.reporters.JUnitReportReporter -->
<testsuite skipped="0" hostname="IBM276-R90AXCDP" name="testcases.TC001_LoginAndLogout" tests="2" failures="0" timestamp="03 Jun 2018 06:47:34 GMT" time="42.854" errors="0">
  <testcase name="loginAndLogout" time="31.208" classname="testcases.TC001_LoginAndLogout"/>
  <testcase name="loginAndLogout" time="11.646" classname="testcases.TC001_LoginAndLogout"/>
</testsuite> <!-- testcases.TC001_LoginAndLogout -->
